\BOOKMARK [0][-]{chapter.1}{\376\377\000G\000i\036\333\000i\000\040\000t\000h\000i\036\307\000u\000\040\000c\000h\000u\000n\000g}{}% 1
\BOOKMARK [1][-]{section.1.1}{\376\377\000V\000a\000i\000\040\000t\000r\000\362\000\040\000c\036\347\000a\000\040\000t\000h\000u\036\255\000t\000\040\000t\000o\000\341\000n}{chapter.1}% 2
\BOOKMARK [1][-]{section.1.2}{\376\377\000L\036\313\000c\000h\000\040\000s\036\355\000\040\000m\000\341\000y\000\040\000t\000\355\000n\000h}{chapter.1}% 3
\BOOKMARK [1][-]{section.1.3}{\376\377\000K\000h\000o\000a\000\040\000h\036\315\000c\000\040\000t\000h\000u\036\255\000t\000\040\000t\000o\000\341\000n}{chapter.1}% 4
\BOOKMARK [1][-]{section.1.4}{\376\377\000K\000h\000\341\000i\000\040\000n\000i\036\307\000m\000\040\000t\000r\036\353\000u\000\040\000t\001\260\036\343\000n\000g}{chapter.1}% 5
\BOOKMARK [0][-]{chapter.2}{\376\377\000L\001\260\000u\000\040\000t\000r\036\357\000\040\000d\036\357\000\040\000l\000i\036\307\000u}{}% 6
\BOOKMARK [1][-]{section.2.1}{\376\377\000C\000\341\000c\000\040\000b\000\355\000t\000\040\000v\000\340\000\040\000c\000\341\000c\000h\000\040\000l\001\260\000u\000\040\000t\000r\036\357}{chapter.2}% 7
\BOOKMARK [1][-]{section.2.2}{\376\377\000B\036\331\000\040\000n\000h\036\333\000\040\000c\000h\000\355\000n\000h}{chapter.2}% 8
\BOOKMARK [1][-]{section.2.3}{\376\377\000T\000h\000i\036\277\000t\000\040\000b\036\313\000\040\000l\001\260\000u\000\040\000t\000r\036\357\000\040\000k\000h\036\321\000i}{chapter.2}% 9
\BOOKMARK [1][-]{section.2.4}{\376\377\000B\000i\036\303\000u\000\040\000d\000i\036\305\000n\000\040\000t\000h\000\364\000n\000g\000\040\000t\000i\000n}{chapter.2}% 10
\BOOKMARK [1][-]{section.2.5}{\376\377\000B\000\340\000i\000\040\000t\036\255\000p\000\040\000c\000u\036\321\000i\000\040\000c\000h\001\260\001\241\000n\000g}{chapter.2}% 11
\BOOKMARK [0][-]{chapter.3}{\376\377\000T\000h\000a\000o\000\040\000t\000\341\000c\000\040\000d\036\357\000\040\000l\000i\036\307\000u}{}% 12
\BOOKMARK [1][-]{section.3.1}{\376\377\000K\000i\036\277\000n\000\040\000t\000r\000\372\000c\000\040\000m\000\341\000y\000\040\000t\000\355\000n\000h}{chapter.3}% 13
\BOOKMARK [1][-]{section.3.2}{\376\377\000N\000g\000\364\000n\000\040\000n\000g\036\357\000\040\000m\000\341\000y}{chapter.3}% 14
\BOOKMARK [1][-]{section.3.3}{\376\377\000T\000h\036\361\000c\000\040\000h\000i\036\307\000n\000\040\000c\000h\001\260\001\241\000n\000g\000\040\000t\000r\000\354\000n\000h}{chapter.3}% 15
\BOOKMARK [1][-]{section.3.4}{\376\377\000C\000\341\000c\000\040\000l\036\307\000n\000h\000\040\000s\036\321\000\040\000h\036\315\000c\000\040\000v\000\340\000\040\000l\000o\000g\000i\000c}{chapter.3}% 16
\BOOKMARK [1][-]{section.3.5}{\376\377\000G\000i\000a\000o\000\040\000t\000i\036\277\000p\000\040\000v\036\333\000i\000\040\000c\000\341\000c\000\040\000t\000h\000i\036\277\000t\000\040\000b\036\313\000\040\000k\000h\000\341\000c}{chapter.3}% 17
\BOOKMARK [1][-]{section.3.6}{\376\377\000C\000\341\000c\000\040\000k\000i\036\277\000n\000\040\000t\000r\000\372\000c\000\040\000k\000h\000\341\000c}{chapter.3}% 18
\BOOKMARK [1][-]{section.3.7}{\376\377\000B\000\340\000i\000\040\000t\036\255\000p\000\040\000c\000u\036\321\000i\000\040\000c\000h\001\260\001\241\000n\000g}{chapter.3}% 19
\BOOKMARK [0][-]{chapter.4}{\376\377\000H\036\307\000\040\001\021\000i\036\301\000u\000\040\000h\000\340\000n\000h}{}% 20
\BOOKMARK [1][-]{section.4.1}{\376\377\000L\036\313\000c\000h\000\040\000s\036\355\000\040\000c\000\341\000c\000\040\000h\036\307\000\040\001\021\000i\036\301\000u\000\040\000h\000\340\000n\000h}{chapter.4}% 21
\BOOKMARK [1][-]{section.4.2}{\376\377\000K\000i\036\277\000n\000\040\000t\000r\000\372\000c\000\040\000h\036\307\000\040\001\021\000i\036\301\000u\000\040\000h\000\340\000n\000h}{chapter.4}% 22
\BOOKMARK [1][-]{section.4.3}{\376\377\001\020\000i\036\301\000u\000\040\000p\000h\036\321\000i\000\040\000c\000\341\000c\000\040\000h\000o\036\241\000t\000\040\001\021\036\331\000n\000g\000\040\000c\036\347\000a\000\040\000m\000\341\000y}{chapter.4}% 23
\BOOKMARK [1][-]{section.4.4}{\376\377\000A\000n\000\040\000n\000i\000n\000h\000\040\000c\036\347\000a\000\040\000m\000\341\000y\000\040\000t\000\355\000n\000h}{chapter.4}% 24
\BOOKMARK [1][-]{section.4.5}{\376\377\000B\000\340\000i\000\040\000t\036\255\000p\000\040\000c\000u\036\321\000i\000\040\000c\000h\001\260\001\241\000n\000g}{chapter.4}% 25
\BOOKMARK [0][-]{chapter.5}{\376\377\000M\036\241\000n\000g\000\040\000v\000\340\000\040\000m\036\241\000n\000g\000\040\000I\000n\000t\000e\000r\000n\000e\000t}{}% 26
\BOOKMARK [1][-]{section.5.1}{\376\377\000C\001\241\000\040\000b\036\243\000n\000\040\000v\036\301\000\040\000m\036\241\000n\000g}{chapter.5}% 27
\BOOKMARK [1][-]{section.5.2}{\376\377\000M\036\241\000n\000g\000\040\000I\000n\000t\000e\000r\000n\000e\000t}{chapter.5}% 28
\BOOKMARK [1][-]{section.5.3}{\376\377\000W\000o\000r\000l\000d\000\040\000W\000i\000d\000e\000\040\000W\000e\000b}{chapter.5}% 29
\BOOKMARK [1][-]{section.5.4}{\376\377\000P\000h\036\247\000n\000\040\001\021\036\315\000c\000\040\000t\000h\000\352\000m\000:\000\040\000C\000\341\000c\000\040\000g\000i\000a\000o\000\040\000t\000h\036\351\000c\000\040\000I\000n\000t\000e\000r\000n\000e\000t}{chapter.5}% 30
\BOOKMARK [1][-]{section.5.5}{\376\377\000A\000n\000\040\000t\000o\000\340\000n\000\040\000v\000\340\000\040\000b\036\243\000o\000\040\000m\036\255\000t}{chapter.5}% 31
\BOOKMARK [1][-]{section.5.6}{\376\377\000B\000\340\000i\000\040\000t\036\255\000p\000\040\000c\000u\036\321\000i\000\040\000c\000h\001\260\001\241\000n\000g}{chapter.5}% 32
\BOOKMARK [0][-]{chapter.6}{\376\377\000L\000\375\000\040\000t\000h\000u\000y\036\277\000t\000\040\000t\000\355\000n\000h\000\040\000t\000o\000\341\000n}{}% 33
\BOOKMARK [1][-]{section.6.1}{\376\377\000C\000\341\000c\000\040\000h\000\340\000m\000\040\000v\000\340\000\040\000t\000\355\000n\000h\000\040\000t\000o\000\341\000n}{chapter.6}% 34
\BOOKMARK [1][-]{section.6.2}{\376\377\000C\000\341\000c\000\040\000m\000\341\000y\000\040\000T\000u\000r\000i\000n\000g}{chapter.6}% 35
\BOOKMARK [1][-]{section.6.3}{\376\377\000C\000\341\000c\000\040\000n\000g\000\364\000n\000\040\000n\000g\036\357\000\040\000l\036\255\000p\000\040\000t\000r\000\354\000n\000h\000\040\000p\000h\036\325\000\040\000d\036\345\000n\000g}{chapter.6}% 36
\BOOKMARK [1][-]{section.6.4}{\376\377\000H\000\340\000m\000\040\000k\000h\000\364\000n\000g\000\040\000t\000\355\000n\000h\000\040\001\021\001\260\036\343\000c}{chapter.6}% 37
\BOOKMARK [1][-]{section.6.5}{\376\377\001\020\036\331\000\040\000p\000h\036\351\000c\000\040\000t\036\241\000p\000\040\000c\036\347\000a\000\040\000b\000\340\000i\000\040\000t\000o\000\341\000n}{chapter.6}% 38
\BOOKMARK [1][-]{section.6.6}{\376\377\000B\000\340\000i\000\040\000t\036\255\000p\000\040\000c\000u\036\321\000i\000\040\000c\000h\001\260\001\241\000n\000g}{chapter.6}% 39
\BOOKMARK [0][-]{appendix.A}{\376\377\000M\036\331\000t\000\040\000n\000g\000\364\000n\000\040\000n\000g\036\357\000\040\000m\000\341\000y\000\040\001\021\001\241\000n\000\040\000g\000i\036\243\000n}{}% 40
