This is XeTeX, Version 3.1415926-2.4-0.9998 (TeX Live 2012/Debian) (format=xelatex 2013.8.6)  10 OCT 2013 18:06
entering extended mode
 restricted \write18 enabled.
 %&-line parsing enabled.
**\input tindaicuong.tex
(./tindaicuong.tex (/usr/share/texlive/texmf-dist/tex/latex/base/book.cls
Document Class: book 2007/10/19 v1.4h Standard LaTeX document class
(/usr/share/texlive/texmf-dist/tex/latex/base/bk12.clo
File: bk12.clo 2007/10/19 v1.4h Standard LaTeX file (size option)
)
\c@part=\count80
\c@chapter=\count81
\c@section=\count82
\c@subsection=\count83
\c@subsubsection=\count84
\c@paragraph=\count85
\c@subparagraph=\count86
\c@figure=\count87
\c@table=\count88
\abovecaptionskip=\skip41
\belowcaptionskip=\skip42
\bibindent=\dimen102
)
(/usr/share/texlive/texmf-dist/tex/latex/fontspec/fontspec.sty
Package: fontspec 2012/05/06 v2.2b Advanced font selection for XeLaTeX/LuaLaTeX


(/usr/share/texlive/texmf-dist/tex/latex/l3kernel/expl3.sty
(/usr/share/texlive/texmf-dist/tex/latex/l3kernel/l3names.sty
(/usr/share/texlive/texmf-dist/tex/latex/l3kernel/l3bootstrap.sty
Package: l3bootstrap 2011/12/29 v3110 L3 Experimental bootstrap code
)
Package: l3names 2012/03/04 v3494 L3 Experimental namespace for primitives
)
(/usr/share/texlive/texmf-dist/tex/latex/etex-pkg/etex.sty
Package: etex 1998/03/26 v2.0 eTeX basic definition package (PEB)
\et@xins=\count89
)
Package: expl3 2012/04/23 v3570 L3 Experimental code bundle wrapper

(/usr/share/texlive/texmf-dist/tex/latex/graphics/color.sty
Package: color 2005/11/14 v1.0j Standard LaTeX Color (DPC)

(/usr/share/texlive/texmf-dist/tex/latex/latexconfig/color.cfg
File: color.cfg 2007/01/18 v1.5 color configuration of teTeX/TeXLive
)
Package color Info: Driver file: xetex.def on input line 130.

(/usr/share/texlive/texmf-dist/tex/xelatex/xetex-def/xetex.def
File: xetex.def 2009/11/22 v0.94 LaTeX color/graphics driver for XeTeX (RRM/JK)

))
(/usr/share/texlive/texmf-dist/tex/latex/graphics/graphics.sty
Package: graphics 2009/02/05 v1.0o Standard LaTeX Graphics (DPC,SPQR)

(/usr/share/texlive/texmf-dist/tex/latex/graphics/trig.sty
Package: trig 1999/03/16 v1.09 sin cos tan (DPC)
)
(/usr/share/texlive/texmf-dist/tex/latex/latexconfig/graphics.cfg
File: graphics.cfg 2010/04/23 v1.9 graphics configuration of TeX Live
)
Package graphics Info: Driver file: xetex.def on input line 91.
)
(/usr/share/texlive/texmf-dist/tex/latex/l3kernel/l3basics.sty
Package: l3basics 2012/03/04 v3491 L3 Experimental basic definitions
)
(/usr/share/texlive/texmf-dist/tex/latex/l3kernel/l3expan.sty
Package: l3expan 2012/02/26 v3460 L3 Experimental argument expansion
)
(/usr/share/texlive/texmf-dist/tex/latex/l3kernel/l3tl.sty
Package: l3tl 2012/03/04 v3490 L3 Experimental token lists
)
(/usr/share/texlive/texmf-dist/tex/latex/l3kernel/l3seq.sty
Package: l3seq 2012/03/04 v3490 L3 Experimental sequences and stacks
)
(/usr/share/texlive/texmf-dist/tex/latex/l3kernel/l3int.sty
Package: l3int 2012/03/04 v3490 L3 Experimental integers
\c_max_int=\count90
\l_tmpa_int=\count91
\l_tmpb_int=\count92
\l_tmpc_int=\count93
\g_tmpa_int=\count94
\g_tmpb_int=\count95
)
(/usr/share/texlive/texmf-dist/tex/latex/l3kernel/l3quark.sty
Package: l3quark 2012/02/12 v3384 L3 Experimental quarks
)
(/usr/share/texlive/texmf-dist/tex/latex/l3kernel/l3prg.sty
Package: l3prg 2012/03/04 v3490 L3 Experimental control structures
\g_prg_map_int=\count96
)
(/usr/share/texlive/texmf-dist/tex/latex/l3kernel/l3clist.sty
Package: l3clist 2012/03/04 v3490 L3 Experimental comma separated lists
)
(/usr/share/texlive/texmf-dist/tex/latex/l3kernel/l3token.sty
Package: l3token 2012/03/04 v3491 L3 Experimental token manipulation
)
(/usr/share/texlive/texmf-dist/tex/latex/l3kernel/l3prop.sty
Package: l3prop 2012/03/04 v3490 L3 Experimental property lists
)
(/usr/share/texlive/texmf-dist/tex/latex/l3kernel/l3msg.sty
Package: l3msg 2012/04/23 v3568 L3 Experimental messages
)
(/usr/share/texlive/texmf-dist/tex/latex/l3kernel/l3file.sty
Package: l3file 2012/03/09 v3520 L3 Experimental file and I/O operations
\l_iow_stream_int=\count97
\l_iow_line_length_int=\count98
\l_iow_target_length_int=\count99
\l_iow_current_line_int=\count100
\l_iow_current_word_int=\count101
\l_iow_current_indentation_int=\count102
)
(/usr/share/texlive/texmf-dist/tex/latex/l3kernel/l3skip.sty
Package: l3skip 2012/03/05 v3499 L3 Experimental dimensions and skips
\l_tmpa_dim=\dimen103
\l_tmpb_dim=\dimen104
\l_tmpc_dim=\dimen105
\g_tmpa_dim=\dimen106
\g_tmpb_dim=\dimen107
\l_tmpa_skip=\skip43
\l_tmpb_skip=\skip44
\l_tmpc_skip=\skip45
\g_tmpa_skip=\skip46
\g_tmpb_skip=\skip47
)
(/usr/share/texlive/texmf-dist/tex/latex/l3kernel/l3keys.sty
Package: l3keys 2012/03/03 v3487 L3 Experimental key-value interfaces
\g_keyval_level_int=\count103
\l_keys_choice_int=\count104
)
(/usr/share/texlive/texmf-dist/tex/latex/l3kernel/l3fp.sty
Package: l3fp 2012/03/04 v3490 L3 Experimental floating-point operations
\c_one_hundred_million=\count105
\c_five_hundred_million=\count106
\c_one_thousand_million=\count107
\c_fp_pi_by_four_decimal_int=\count108
\c_fp_pi_by_four_extended_int=\count109
\c_fp_pi_decimal_int=\count110
\c_fp_pi_extended_int=\count111
\c_fp_two_pi_decimal_int=\count112
\c_fp_two_pi_extended_int=\count113
\l_fp_count_int=\count114
\l_fp_div_offset_int=\count115
\l_fp_exp_integer_int=\count116
\l_fp_exp_decimal_int=\count117
\l_fp_exp_extended_int=\count118
\l_fp_exp_exponent_int=\count119
\l_fp_input_a_sign_int=\count120
\l_fp_input_a_integer_int=\count121
\l_fp_input_a_decimal_int=\count122
\l_fp_input_a_exponent_int=\count123
\l_fp_input_b_sign_int=\count124
\l_fp_input_b_integer_int=\count125
\l_fp_input_b_decimal_int=\count126
\l_fp_input_b_exponent_int=\count127
\l_fp_input_a_extended_int=\count128
\l_fp_input_b_extended_int=\count129
\l_fp_mul_a_i_int=\count130
\l_fp_mul_a_ii_int=\count131
\l_fp_mul_a_iii_int=\count132
\l_fp_mul_a_iv_int=\count133
\l_fp_mul_a_v_int=\count134
\l_fp_mul_a_vi_int=\count135
\l_fp_mul_b_i_int=\count136
\l_fp_mul_b_ii_int=\count137
\l_fp_mul_b_iii_int=\count138
\l_fp_mul_b_iv_int=\count139
\l_fp_mul_b_v_int=\count140
\l_fp_mul_b_vi_int=\count141
\l_fp_mul_output_int=\count142
\l_fp_output_sign_int=\count143
\l_fp_output_integer_int=\count144
\l_fp_output_decimal_int=\count145
\l_fp_output_exponent_int=\count146
\l_fp_output_extended_int=\count147
\l_fp_round_position_int=\count148
\l_fp_round_target_int=\count149
\l_fp_split_sign_int=\count150
\l_fp_internal_int=\count151
\l_fp_trig_octant_int=\count152
\l_fp_trig_sign_int=\count153
\l_fp_trig_decimal_int=\count154
\l_fp_trig_extended_int=\count155
\l_fp_internal_dim=\dimen108
\l_fp_internal_skip=\skip48
)
(/usr/share/texlive/texmf-dist/tex/latex/l3kernel/l3box.sty
Package: l3box 2012/03/04 v3490 L3 Experimental boxes
\l_tmpb_box=\box26
\l_box_top_dim=\dimen109
\l_box_bottom_dim=\dimen110
\l_box_left_dim=\dimen111
\l_box_right_dim=\dimen112
\l_box_top_new_dim=\dimen113
\l_box_bottom_new_dim=\dimen114
\l_box_left_new_dim=\dimen115
\l_box_right_new_dim=\dimen116
\l_box_internal_box=\box27
)
(/usr/share/texlive/texmf-dist/tex/latex/l3kernel/l3coffins.sty
Package: l3coffins 2012/03/03 v3482 L3 Experimental coffin code layer
\l_coffin_internal_box=\box28
\l_coffin_internal_dim=\dimen117
\l_coffin_offset_x_dim=\dimen118
\l_coffin_offset_y_dim=\dimen119
\l_coffin_x_dim=\dimen120
\l_coffin_y_dim=\dimen121
\l_coffin_x_prime_dim=\dimen122
\l_coffin_y_prime_dim=\dimen123
\l_coffin_Depth_dim=\dimen124
\l_coffin_Height_dim=\dimen125
\l_coffin_TotalHeight_dim=\dimen126
\l_coffin_Width_dim=\dimen127
\c_empty_coffin=\box29
\l_coffin_aligned_coffin=\box30
\l_coffin_aligned_internal_coffin=\box31
\l_coffin_bounding_shift_dim=\dimen128
\l_coffin_left_corner_dim=\dimen129
\l_coffin_right_corner_dim=\dimen130
\l_coffin_bottom_corner_dim=\dimen131
\l_coffin_top_corner_dim=\dimen132
\l_coffin_scaled_total_height_dim=\dimen133
\l_coffin_scaled_width_dim=\dimen134
\l_coffin_display_coffin=\box32
\l_coffin_display_coord_coffin=\box33
\l_coffin_display_pole_coffin=\box34
\l_coffin_display_offset_dim=\dimen135
\l_coffin_display_x_dim=\dimen136
\l_coffin_display_y_dim=\dimen137
)
(/usr/share/texlive/texmf-dist/tex/latex/l3kernel/l3color.sty
Package: l3color 2011/09/07 v2776 L3 Experimental colour support
)
(/usr/share/texlive/texmf-dist/tex/latex/l3kernel/l3luatex.sty
Package: l3luatex 2012/02/09 v3355 L3 Experimental LuaTeX-specific functions
\g_cctab_allocate_int=\count156
\g_cctab_stack_int=\count157
))
(/usr/share/texlive/texmf-dist/tex/latex/l3packages/xparse/xparse.sty
Package: xparse 2012/04/23 v3570 L3 Experimental document command parser
\l_xparse_current_arg_int=\count158
\l_xparse_m_args_int=\count159
\l_xparse_mandatory_args_int=\count160
\l_xparse_processor_int=\count161
\l_xparse_v_nesting_int=\count162
)
\l_fontspec_script_int=\count163
\l_fontspec_language_int=\count164
\l_fontspec_strnum_int=\count165
\l_fontspec_tmpa_dim=\dimen138
\l_fontspec_tmpb_dim=\dimen139
\l_fontspec_tmpc_dim=\dimen140
Variant \tl_gset:cV already defined; not changing it on line 66

(/usr/share/texlive/texmf-dist/tex/latex/fontspec/fontspec-patches.sty
Package: fontspec-patches 2012/05/06 v2.2b Advanced font selection for XeLaTeX/
LuaLaTeX

(/usr/share/texlive/texmf-dist/tex/latex/base/fixltx2e.sty
Package: fixltx2e 2006/09/13 v1.1m fixes to LaTeX
LaTeX Info: Redefining \em on input line 420.
)
LaTeX Info: Redefining \em on input line 22.
LaTeX Info: Redefining \emph on input line 29.
LaTeX Info: Redefining \- on input line 32.

*************************************************
* LaTeX warning: "xparse/redefine-command"
* 
* Redefining document command \oldstylenums with arg. spec. 'm' on line 107.
*************************************************
.................................................
. LaTeX info: "xparse/define-command"
. 
. Defining document command \liningnums with arg. spec. 'm' on line 111.
.................................................
) (/usr/share/texlive/texmf-dist/tex/latex/fontspec/fontspec-xetex.sty
Package: fontspec-xetex 2012/05/06 v2.2b Advanced font selection for XeLaTeX/Lu
aLaTeX

(/usr/share/texlive/texmf-dist/tex/latex/base/fontenc.sty
Package: fontenc 2005/09/27 v1.99g Standard LaTeX package

(/usr/share/texlive/texmf-dist/tex/latex/euenc/eu1enc.def
File: eu1enc.def 2010/05/27 v0.1h Experimental Unicode font encodings
)
LaTeX Font Info:    Try loading font information for EU1+lmr on input line 100.


(/usr/share/texlive/texmf-dist/tex/latex/euenc/eu1lmr.fd
File: eu1lmr.fd 2009/10/30 v1.6 Font defs for Latin Modern
))
(/usr/share/texlive/texmf-dist/tex/xelatex/xunicode/xunicode.sty
File: xunicode.sty 2011/09/09 v0.981 provides access to latin accents and many 
other characters in Unicode lower plane

(/usr/share/texmf/tex/latex/tipa/t3enc.def
File: t3enc.def 2001/12/31 T3 encoding
LaTeX Font Info:    Try loading font information for EU1+lmss on input line 357
.

(/usr/share/texlive/texmf-dist/tex/latex/euenc/eu1lmss.fd
File: eu1lmss.fd 2009/10/30 v1.6 Font defs for Latin Modern
))
\tipaTiiicode=\count166
\tipasavetokens=\toks14
\tipachecktokens=\toks15

(/usr/share/texlive/texmf-dist/tex/latex/graphics/graphicx.sty
Package: graphicx 1999/02/16 v1.0f Enhanced LaTeX Graphics (DPC,SPQR)

(/usr/share/texlive/texmf-dist/tex/latex/graphics/keyval.sty
Package: keyval 1999/03/16 v1.13 key=value parser (DPC)
\KV@toks@=\toks16
)
\Gin@req@height=\dimen141
\Gin@req@width=\dimen142
))
.................................................
. LaTeX info: "xparse/define-command"
. 
. Defining document command \fontspec with arg. spec. 'O{}m' on line 39.
.................................................
.................................................
. LaTeX info: "xparse/define-command"
. 
. Defining document command \setmainfont with arg. spec. 'O{}m' on line 43.
.................................................
.................................................
. LaTeX info: "xparse/define-command"
. 
. Defining document command \setsansfont with arg. spec. 'O{}m' on line 47.
.................................................
.................................................
. LaTeX info: "xparse/define-command"
. 
. Defining document command \setmonofont with arg. spec. 'O{}m' on line 51.
.................................................
.................................................
. LaTeX info: "xparse/define-command"
. 
. Defining document command \setmathrm with arg. spec. 'O{}m' on line 59.
.................................................
.................................................
. LaTeX info: "xparse/define-command"
. 
. Defining document command \setboldmathrm with arg. spec. 'O{}m' on line 62.
.................................................
.................................................
. LaTeX info: "xparse/define-command"
. 
. Defining document command \setmathsf with arg. spec. 'O{}m' on line 65.
.................................................
.................................................
. LaTeX info: "xparse/define-command"
. 
. Defining document command \setmathtt with arg. spec. 'O{}m' on line 68.
.................................................
.................................................
. LaTeX info: "xparse/define-command"
. 
. Defining document command \newfontfamily with arg. spec. 'mO{}m' on line 84.
.................................................
.................................................
. LaTeX info: "xparse/define-command"
. 
. Defining document command \newfontface with arg. spec. 'mO{}m' on line 87.
.................................................
.................................................
. LaTeX info: "xparse/define-command"
. 
. Defining document command \defaultfontfeatures with arg. spec. 'm' on line
. 91.
.................................................
.................................................
. LaTeX info: "xparse/define-command"
. 
. Defining document command \addfontfeatures with arg. spec. 'm' on line 107.
.................................................
.................................................
. LaTeX info: "xparse/define-command"
. 
. Defining document command \newfontfeature with arg. spec. 'mm' on line 118.
.................................................
.................................................
. LaTeX info: "xparse/define-command"
. 
. Defining document command \newAATfeature with arg. spec. 'mmmm' on line 125.
.................................................
.................................................
. LaTeX info: "xparse/define-command"
. 
. Defining document command \newICUfeature with arg. spec. 'mmm' on line 132.
.................................................
.................................................
. LaTeX info: "xparse/define-command"
. 
. Defining document command \aliasfontfeature with arg. spec. 'mm' on line
. 159.
.................................................
.................................................
. LaTeX info: "xparse/define-command"
. 
. Defining document command \aliasfontfeatureoption with arg. spec. 'mmm' on
. line 164.
.................................................
.................................................
. LaTeX info: "xparse/define-command"
. 
. Defining document command \newfontscript with arg. spec. 'mm' on line 169.
.................................................
.................................................
. LaTeX info: "xparse/define-command"
. 
. Defining document command \newfontlanguage with arg. spec. 'mm' on line 192.
.................................................
.................................................
. LaTeX info: "xparse/define-command"
. 
. Defining document command \DeclareFontsExtensions with arg. spec. 'm' on
. line 211.
.................................................
Variant \prop_gput:cnV already defined; not changing it on line 485
Variant \prop_gput:cnx already defined; not changing it on line 486
\l_fontspec_tmp_int=\count167
LaTeX Info: Redefining \itshape on input line 1893.
LaTeX Info: Redefining \slshape on input line 1897.
LaTeX Info: Redefining \scshape on input line 1901.
LaTeX Info: Redefining \upshape on input line 1905.

(/usr/share/texlive/texmf-dist/tex/latex/fontspec/fontspec.cfg)))
(/usr/share/texlive/texmf-dist/tex/xelatex/polyglossia/polyglossia.sty
Package: polyglossia 2012/04/29 v1.2.1 Babel replacement for XeLaTeX

(/usr/share/texlive/texmf-dist/tex/latex/etoolbox/etoolbox.sty
Package: etoolbox 2011/01/03 v2.1 e-TeX tools for LaTeX
\etb@tempcnta=\count168
)
(/usr/share/texlive/texmf-dist/tex/latex/makecmds/makecmds.sty
Package: makecmds 2009/09/03 v1.0a extra command making commands
)
(/usr/share/texlive/texmf-dist/tex/latex/xkeyval/xkeyval.sty
Package: xkeyval 2008/08/13 v2.6a package option processing (HA)

(/usr/share/texlive/texmf-dist/tex/generic/xkeyval/xkeyval.tex
\XKV@toks=\toks17
\XKV@tempa@toks=\toks18
\XKV@depth=\count169
File: xkeyval.tex 2008/08/13 v2.6a key=value parser (HA)
))
\xpg@normalclass=\XeTeXintercharclass4
)
(./suthesis-2e.sty
Package: suthesis-2e 2010/05/31

Note that this tries to fulfill the Stanford Thesis requirements but it is unof
ficial
(/usr/share/texlive/texmf-dist/tex/latex/setspace/setspace.sty
Package: setspace 2011/12/19 v6.7a set line spacing
)
\signaturespace=\skip49
)
(/usr/share/texlive/texmf-dist/tex/latex/subfig/subfig.sty
Package: subfig 2005/06/28 ver: 1.3 subfig package

(/usr/share/texlive/texmf-dist/tex/latex/caption/caption.sty
Package: caption 2012/02/19 v3.2f Customizing captions (AR)

(/usr/share/texlive/texmf-dist/tex/latex/caption/caption3.sty
Package: caption3 2012/01/12 v1.4b caption3 kernel (AR)
\captionmargin=\dimen143
\captionmargin@=\dimen144
\captionwidth=\dimen145
\caption@indent=\dimen146
\caption@parindent=\dimen147
\caption@hangindent=\dimen148
)
\c@ContinuedFloat=\count170
)
\c@KVtest=\count171
\sf@farskip=\skip50
\sf@captopadj=\dimen149
\sf@capskip=\skip51
\sf@nearskip=\skip52
\c@subfigure=\count172
\c@subfigure@save=\count173
\c@lofdepth=\count174
\c@subtable=\count175
\c@subtable@save=\count176
\c@lotdepth=\count177
\sf@top=\skip53
\sf@bottom=\skip54
)
(/usr/share/texlive/texmf-dist/tex/latex/paralist/paralist.sty
Package: paralist 2002/03/18 v2.3b Extended list environments (BS)
\pltopsep=\skip55
\plpartopsep=\skip56
\plitemsep=\skip57
\plparsep=\skip58
\pl@lab=\toks19
)
(/usr/share/texlive/texmf-dist/tex/latex/tools/array.sty
Package: array 2008/09/09 v2.4c Tabular extension package (FMi)
\col@sep=\dimen150
\extrarowheight=\dimen151
\NC@list=\toks20
\extratabsurround=\skip59
\backup@length=\skip60
)
(/usr/share/texlive/texmf-dist/tex/latex/tools/multicol.sty
Package: multicol 2011/06/27 v1.7a multicolumn formatting (FMi)
\c@tracingmulticols=\count178
\mult@box=\box35
\multicol@leftmargin=\dimen152
\c@unbalance=\count179
\c@collectmore=\count180
\doublecol@number=\count181
\multicoltolerance=\count182
\multicolpretolerance=\count183
\full@width=\dimen153
\page@free=\dimen154
\premulticols=\dimen155
\postmulticols=\dimen156
\multicolsep=\skip61
\multicolbaselineskip=\skip62
\partial@page=\box36
\last@line=\box37
\mult@rightbox=\box38
\mult@grightbox=\box39
\mult@gfirstbox=\box40
\mult@firstbox=\box41
\@tempa=\box42
\@tempa=\box43
\@tempa=\box44
\@tempa=\box45
\@tempa=\box46
\@tempa=\box47
\@tempa=\box48
\@tempa=\box49
\@tempa=\box50
\@tempa=\box51
\@tempa=\box52
\@tempa=\box53
\@tempa=\box54
\@tempa=\box55
\@tempa=\box56
\@tempa=\box57
\@tempa=\box58
\c@columnbadness=\count184
\c@finalcolumnbadness=\count185
\last@try=\dimen157
\multicolovershoot=\dimen158
\multicolundershoot=\dimen159
\mult@nat@firstbox=\box59
\colbreak@box=\box60
\multicol@sort@counter=\count186
)
(/usr/share/texlive/texmf-dist/tex/latex/tools/longtable.sty
Package: longtable 2004/02/01 v4.11 Multi-page Table package (DPC)
\LTleft=\skip63
\LTright=\skip64
\LTpre=\skip65
\LTpost=\skip66
\LTchunksize=\count187
\LTcapwidth=\dimen160
\LT@head=\box61
\LT@firsthead=\box62
\LT@foot=\box63
\LT@lastfoot=\box64
\LT@cols=\count188
\LT@rows=\count189
\c@LT@tables=\count190
\c@LT@chunks=\count191
\LT@p@ftn=\toks21
)
(/usr/share/texlive/texmf-dist/tex/latex/minitoc/minitoc.sty
Package: minitoc 2008/07/16 v60 Package minitoc (JPFD)

(/usr/share/texlive/texmf-dist/tex/latex/minitoc/mtcmess.sty
Package: mtcmess 2006/03/14
)
Package minitoc Info: I0001
(minitoc)             *** minitoc package, version 60 ***.
\tf@mtc=\write3
\mtcindent=\skip67
\mtcskipamount=\skip68
Package minitoc Info: I0005
(minitoc)             compatible with hyperref.
Package minitoc Info: I0023
(minitoc)             part level macros available.
Package minitoc Info: I0003
(minitoc)             chapter level macros available.
\mtc@toks=\toks22
\mtc@strutbox=\box65
\mtc@hstrutbox=\box66
Package minitoc Info: I0002
(minitoc)             Autoconfiguration of extensions.
\openout3 = `tindaicuong.mtc0'.

\openout3 = `tindaicuong.mtc'.


(./tindaicuong.mtc0)
Package minitoc Info: I0012
(minitoc)             Long extensions (Unix-like) will be used.
Package minitoc Info: I0031
(minitoc)             ==> this version is configured for UNIX-like 
(minitoc)                 (long extensions) file names.
\openout3 = `tindaicuong.mtc'.

\openout3 = `tindaicuong.mtc0'.

\c@mtc=\count192
\c@minitocdepth=\count193
\c@ptc=\count194
\c@parttocdepth=\count195
\ptcindent=\skip69
Package minitoc Info: I0010
(minitoc)             The english language is selected.
(minitoc)              on input line 4910.

(/usr/share/texlive/texmf-dist/tex/latex/minitoc/english.mld
File: english.mld 2006/01/13
)
(/usr/share/texlive/texmf-dist/tex/latex/minitoc/english.mld
File: english.mld 2006/01/13
))
(/usr/share/texlive/texmf-dist/tex/latex/titlesec/titlesec.sty
Package: titlesec 2011/12/15 v2.10.0 Sectioning titles
\ttl@box=\box67
\beforetitleunit=\skip70
\aftertitleunit=\skip71
\ttl@plus=\dimen161
\ttl@minus=\dimen162
\ttl@toksa=\toks23
\titlewidth=\dimen163
\titlewidthlast=\dimen164
\titlewidthfirst=\dimen165
)
(/usr/share/texlive/texmf-dist/tex/latex/hyperref/hyperref.sty
Package: hyperref 2012/05/13 v6.82q Hypertext links for LaTeX

(/usr/share/texlive/texmf-dist/tex/generic/oberdiek/hobsub-hyperref.sty
Package: hobsub-hyperref 2012/05/28 v1.13 Bundle oberdiek, subset hyperref (HO)


(/usr/share/texlive/texmf-dist/tex/generic/oberdiek/hobsub-generic.sty
Package: hobsub-generic 2012/05/28 v1.13 Bundle oberdiek, subset generic (HO)
Package: hobsub 2012/05/28 v1.13 Construct package bundles (HO)
Package: infwarerr 2010/04/08 v1.3 Providing info/warning/error messages (HO)
Package: ltxcmds 2011/11/09 v1.22 LaTeX kernel commands for general use (HO)
Package: ifluatex 2010/03/01 v1.3 Provides the ifluatex switch (HO)
Package ifluatex Info: LuaTeX not detected.
Package: ifvtex 2010/03/01 v1.5 Detect VTeX and its facilities (HO)
Package ifvtex Info: VTeX not detected.
Package: intcalc 2007/09/27 v1.1 Expandable calculations with integers (HO)
Package: ifpdf 2011/01/30 v2.3 Provides the ifpdf switch (HO)
Package ifpdf Info: pdfTeX in PDF mode is not detected.
Package: etexcmds 2011/02/16 v1.5 Avoid name clashes with e-TeX commands (HO)
Package etexcmds Info: Could not find \expanded.
(etexcmds)             That can mean that you are not using pdfTeX 1.50 or
(etexcmds)             that some package has redefined \expanded.
(etexcmds)             In the latter case, load this package earlier.
Package: kvsetkeys 2012/04/25 v1.16 Key value parser (HO)
Package: kvdefinekeys 2011/04/07 v1.3 Define keys (HO)
Package: pdftexcmds 2011/11/29 v0.20 Utility functions of pdfTeX for LuaTeX (HO
)
Package pdftexcmds Info: LuaTeX not detected.
Package pdftexcmds Info: pdfTeX >= 1.30 not detected.
Package pdftexcmds Info: \pdf@primitive is available.
Package pdftexcmds Info: \pdf@ifprimitive is available.
Package pdftexcmds Info: \pdfdraftmode not found.
Package: pdfescape 2011/11/25 v1.13 Implements pdfTeX's escape features (HO)
Package: bigintcalc 2012/04/08 v1.3 Expandable calculations on big integers (HO
)
Package: bitset 2011/01/30 v1.1 Handle bit-vector datatype (HO)
Package: uniquecounter 2011/01/30 v1.2 Provide unlimited unique counter (HO)
)
Package hobsub Info: Skipping package `hobsub' (already loaded).
Package: letltxmacro 2010/09/02 v1.4 Let assignment for LaTeX macros (HO)
Package: hopatch 2012/05/28 v1.2 Wrapper for package hooks (HO)
Package: xcolor-patch 2011/01/30 xcolor patch
Package: atveryend 2011/06/30 v1.8 Hooks at the very end of document (HO)
Package: atbegshi 2011/10/05 v1.16 At begin shipout hook (HO)
Package: refcount 2011/10/16 v3.4 Data extraction from label references (HO)
Package: hycolor 2011/01/30 v1.7 Color options for hyperref/bookmark (HO)
)
(/usr/share/texlive/texmf-dist/tex/generic/ifxetex/ifxetex.sty
Package: ifxetex 2010/09/12 v0.6 Provides ifxetex conditional
)
(/usr/share/texlive/texmf-dist/tex/latex/oberdiek/kvoptions.sty
Package: kvoptions 2011/06/30 v3.11 Key value format for package options (HO)
)
\@linkdim=\dimen166
\Hy@linkcounter=\count196
\Hy@pagecounter=\count197

(/usr/share/texlive/texmf-dist/tex/latex/hyperref/pd1enc.def
File: pd1enc.def 2012/05/13 v6.82q Hyperref: PDFDocEncoding definition (HO)
)
\Hy@SavedSpaceFactor=\count198

(/usr/share/texlive/texmf-dist/tex/xelatex/xetexconfig/hyperref.cfg
File: hyperref.cfg 2008/07/11 v1.2 hyperref configuration for XeLaTeX
)
Package hyperref Info: Option `unicode' set `true' on input line 3941.

(./puenc.def
File: puenc.def 2003/11/30 v6.74m Hyperref: PDF Unicode definition (HO)
)
Package hyperref Info: Hyper figures OFF on input line 4062.
Package hyperref Info: Link nesting OFF on input line 4067.
Package hyperref Info: Hyper index ON on input line 4070.
Package hyperref Info: Plain pages OFF on input line 4077.
Package hyperref Info: Backreferencing OFF on input line 4082.
Package hyperref Info: Implicit mode ON; LaTeX internals redefined.
Package hyperref Info: Bookmarks ON on input line 4300.
\c@Hy@tempcnt=\count199
 (/usr/share/texlive/texmf-dist/tex/latex/url/url.sty
\Urlmuskip=\muskip10
Package: url 2006/04/12  ver 3.3  Verb mode for urls, etc.
)
LaTeX Info: Redefining \url on input line 4653.
\Fld@menulength=\count200
\Field@Width=\dimen167
\Fld@charsize=\dimen168
Package hyperref Info: Hyper figures OFF on input line 5773.
Package hyperref Info: Link nesting OFF on input line 5778.
Package hyperref Info: Hyper index ON on input line 5781.
Package hyperref Info: backreferencing OFF on input line 5788.
Package hyperref Info: Link coloring OFF on input line 5793.
Package hyperref Info: Link coloring with OCG OFF on input line 5798.
Package hyperref Info: PDF/A mode OFF on input line 5803.
LaTeX Info: Redefining \ref on input line 5843.
LaTeX Info: Redefining \pageref on input line 5847.
\Hy@abspage=\count201
Normal \count register pool exhausted, switching to extended pool.
\c@Item=\count277
\c@Hfootnote=\count278
)

Package hyperref Message: Driver (autodetected): hxetex.

(/usr/share/texlive/texmf-dist/tex/latex/hyperref/hxetex.def
File: hxetex.def 2012/05/13 v6.82q Hyperref driver for XeTeX

(/usr/share/texlive/texmf-dist/tex/generic/oberdiek/stringenc.sty
Package: stringenc 2011/12/02 v1.10 Convert strings between diff. encodings (HO
)
)
\pdfm@box=\box68
\c@Hy@AnnotLevel=\count279
\HyField@AnnotCount=\count280
\Fld@listcount=\count281
\c@bookmark@seq@number=\count282

(/usr/share/texlive/texmf-dist/tex/latex/oberdiek/rerunfilecheck.sty
Package: rerunfilecheck 2011/04/15 v1.7 Rerun checks for auxiliary files (HO)
Package rerunfilecheck Info: Feature \pdfmdfivesum is not available
(rerunfilecheck)             (e.g. pdfTeX or LuaTeX with package `pdftexcmds').

(rerunfilecheck)             Therefore file contents cannot be checked efficien
tly
(rerunfilecheck)             and the loading of the package is aborted.
)
\Hy@SectionHShift=\skip72
)
(/usr/share/texlive/texmf-dist/tex/latex/amsmath/amsmath.sty
Package: amsmath 2000/07/18 v2.13 AMS math features
\@mathmargin=\skip73

For additional information on amsmath, use the `?' option.
(/usr/share/texlive/texmf-dist/tex/latex/amsmath/amstext.sty
Package: amstext 2000/06/29 v2.01

(/usr/share/texlive/texmf-dist/tex/latex/amsmath/amsgen.sty
File: amsgen.sty 1999/11/30 v2.0
\@emptytoks=\toks24
\ex@=\dimen169
))
(/usr/share/texlive/texmf-dist/tex/latex/amsmath/amsbsy.sty
Package: amsbsy 1999/11/29 v1.2d
\pmbraise@=\dimen170
)
(/usr/share/texlive/texmf-dist/tex/latex/amsmath/amsopn.sty
Package: amsopn 1999/12/14 v2.01 operator names
)
\inf@bad=\count283
LaTeX Info: Redefining \frac on input line 211.
\uproot@=\count284
\leftroot@=\count285
LaTeX Info: Redefining \overline on input line 307.
\classnum@=\count286
\DOTSCASE@=\count287
LaTeX Info: Redefining \ldots on input line 379.
LaTeX Info: Redefining \dots on input line 382.
LaTeX Info: Redefining \cdots on input line 467.
\Mathstrutbox@=\box69
\strutbox@=\box70
\big@size=\dimen171
LaTeX Font Info:    Redeclaring font encoding OML on input line 567.
LaTeX Font Info:    Redeclaring font encoding OMS on input line 568.
\macc@depth=\count288
\c@MaxMatrixCols=\count289
\dotsspace@=\muskip11
\c@parentequation=\count290
\dspbrk@lvl=\count291
\tag@help=\toks25
\row@=\count292
\column@=\count293
\maxfields@=\count294
\andhelp@=\toks26
\eqnshift@=\dimen172
\alignsep@=\dimen173
\tagshift@=\dimen174
\tagwidth@=\dimen175
\totwidth@=\dimen176
\lineht@=\dimen177
\@envbody=\toks27
\multlinegap=\skip74
\multlinetaggap=\skip75
\mathdisplay@stack=\toks28
LaTeX Info: Redefining \[ on input line 2666.
LaTeX Info: Redefining \] on input line 2667.
)
(/usr/share/texlive/texmf-dist/tex/latex/wrapfig/wrapfig.sty
\wrapoverhang=\dimen178
\WF@size=\dimen179
\c@WF@wrappedlines=\count295
\WF@box=\box71
\WF@everypar=\toks29
Package: wrapfig 2003/01/31  v 3.6
)
(/usr/share/texlive/texmf-dist/tex/latex/booktabs/booktabs.sty
Package: booktabs 2005/04/14 v1.61803 publication quality tables
\heavyrulewidth=\dimen180
\lightrulewidth=\dimen181
\cmidrulewidth=\dimen182
\belowrulesep=\dimen183
\belowbottomsep=\dimen184
\aboverulesep=\dimen185
\abovetopsep=\dimen186
\cmidrulesep=\dimen187
\cmidrulekern=\dimen188
\defaultaddspace=\dimen189
\@cmidla=\count296
\@cmidlb=\count297
\@aboverulesep=\dimen190
\@belowrulesep=\dimen191
\@thisruleclass=\count298
\@lastruleclass=\count299
\@thisrulewidth=\dimen192
)
(/usr/share/texlive/texmf-dist/tex/xelatex/polyglossia/gloss-vietnamese.ldf
File: gloss-vietnamese.ldf polyglossia: module for vietnamese


Package polyglossia Warning: \setlocalhyphenmin useless for unhyphenated langua
ge vietnamese on input line 10.

)
Package polyglossia Info: Default language is vietnamese.
 (./tindaicuong.aux)
\openout1 = `tindaicuong.aux'.

LaTeX Font Info:    Checking defaults for OML/cmm/m/it on input line 98.
LaTeX Font Info:    ... okay on input line 98.
LaTeX Font Info:    Checking defaults for T1/cmr/m/n on input line 98.
LaTeX Font Info:    ... okay on input line 98.
LaTeX Font Info:    Checking defaults for OT1/cmr/m/n on input line 98.
LaTeX Font Info:    ... okay on input line 98.
LaTeX Font Info:    Checking defaults for OMS/cmsy/m/n on input line 98.
LaTeX Font Info:    ... okay on input line 98.
LaTeX Font Info:    Checking defaults for OMX/cmex/m/n on input line 98.
LaTeX Font Info:    ... okay on input line 98.
LaTeX Font Info:    Checking defaults for U/cmr/m/n on input line 98.
LaTeX Font Info:    ... okay on input line 98.
LaTeX Font Info:    Checking defaults for EU1/lmr/m/n on input line 98.
LaTeX Font Info:    ... okay on input line 98.
LaTeX Font Info:    Checking defaults for T3/cmr/m/n on input line 98.
LaTeX Font Info:    Try loading font information for T3+cmr on input line 98.
 (/usr/share/texmf/tex/latex/tipa/t3cmr.fd
File: t3cmr.fd 2001/12/31 TIPA font definitions
)
LaTeX Font Info:    ... okay on input line 98.
LaTeX Font Info:    Checking defaults for PD1/pdf/m/n on input line 98.
LaTeX Font Info:    ... okay on input line 98.
LaTeX Font Info:    Checking defaults for PU/pdf/m/n on input line 98.
LaTeX Font Info:    ... okay on input line 98.
.................................................
. fontspec info: "setup-math"
. 
. Adjusting the maths setup (use [no-math] to avoid this).
.................................................
\symlegacymaths=\mathgroup4
LaTeX Font Info:    Overwriting symbol font `legacymaths' in version `bold'
(Font)                  OT1/cmr/m/n --> OT1/cmr/bx/n on input line 98.
LaTeX Font Info:    Redeclaring math accent \acute on input line 98.
LaTeX Font Info:    Redeclaring math accent \grave on input line 98.
LaTeX Font Info:    Redeclaring math accent \ddot on input line 98.
LaTeX Font Info:    Redeclaring math accent \tilde on input line 98.
LaTeX Font Info:    Redeclaring math accent \bar on input line 98.
LaTeX Font Info:    Redeclaring math accent \breve on input line 98.
LaTeX Font Info:    Redeclaring math accent \check on input line 98.
LaTeX Font Info:    Redeclaring math accent \hat on input line 98.
LaTeX Font Info:    Redeclaring math accent \dot on input line 98.
LaTeX Font Info:    Redeclaring math accent \mathring on input line 98.
LaTeX Font Info:    Redeclaring math symbol \Gamma on input line 98.
LaTeX Font Info:    Redeclaring math symbol \Delta on input line 98.
LaTeX Font Info:    Redeclaring math symbol \Theta on input line 98.
LaTeX Font Info:    Redeclaring math symbol \Lambda on input line 98.
LaTeX Font Info:    Redeclaring math symbol \Xi on input line 98.
LaTeX Font Info:    Redeclaring math symbol \Pi on input line 98.
LaTeX Font Info:    Redeclaring math symbol \Sigma on input line 98.
LaTeX Font Info:    Redeclaring math symbol \Upsilon on input line 98.
LaTeX Font Info:    Redeclaring math symbol \Phi on input line 98.
LaTeX Font Info:    Redeclaring math symbol \Psi on input line 98.
LaTeX Font Info:    Redeclaring math symbol \Omega on input line 98.
LaTeX Font Info:    Redeclaring math symbol \mathdollar on input line 98.
LaTeX Font Info:    Redeclaring symbol font `operators' on input line 98.
LaTeX Font Info:    Encoding `OT1' has changed to `EU1' for symbol font
(Font)              `operators' in the math version `normal' on input line 98.
LaTeX Font Info:    Overwriting symbol font `operators' in version `normal'
(Font)                  OT1/cmr/m/n --> EU1/lmr/m/n on input line 98.
LaTeX Font Info:    Encoding `OT1' has changed to `EU1' for symbol font
(Font)              `operators' in the math version `bold' on input line 98.
LaTeX Font Info:    Overwriting symbol font `operators' in version `bold'
(Font)                  OT1/cmr/bx/n --> EU1/lmr/m/n on input line 98.
LaTeX Font Info:    Overwriting symbol font `operators' in version `normal'
(Font)                  EU1/lmr/m/n --> EU1/lmr/m/n on input line 98.
LaTeX Font Info:    Overwriting math alphabet `\mathrm' in version `normal'
(Font)                  EU1/lmr/m/n --> EU1/lmr/m/n on input line 98.
LaTeX Font Info:    Overwriting math alphabet `\mathit' in version `normal'
(Font)                  OT1/cmr/m/it --> EU1/lmr/m/it on input line 98.
LaTeX Font Info:    Overwriting math alphabet `\mathbf' in version `normal'
(Font)                  OT1/cmr/bx/n --> EU1/lmr/bx/n on input line 98.
LaTeX Font Info:    Overwriting math alphabet `\mathsf' in version `normal'
(Font)                  OT1/cmss/m/n --> EU1/lmss/m/n on input line 98.
LaTeX Font Info:    Overwriting math alphabet `\mathtt' in version `normal'
(Font)                  OT1/cmtt/m/n --> EU1/lmtt/m/n on input line 98.
LaTeX Font Info:    Overwriting symbol font `operators' in version `bold'
(Font)                  EU1/lmr/m/n --> EU1/lmr/bx/n on input line 98.
LaTeX Font Info:    Overwriting math alphabet `\mathrm' in version `bold'
(Font)                  EU1/lmr/m/n --> EU1/lmr/bx/n on input line 98.
LaTeX Font Info:    Overwriting math alphabet `\mathit' in version `bold'
(Font)                  OT1/cmr/bx/it --> EU1/lmr/bx/it on input line 98.
LaTeX Font Info:    Overwriting math alphabet `\mathsf' in version `bold'
(Font)                  OT1/cmss/bx/n --> EU1/lmss/bx/n on input line 98.
LaTeX Font Info:    Overwriting math alphabet `\mathtt' in version `bold'
(Font)                  OT1/cmtt/m/n --> EU1/lmtt/bx/n on input line 98.
Package caption Info: Begin \AtBeginDocument code.
Package caption Info: subfig package v1.3 is loaded.
Package caption Info: hyperref package is loaded.
Package caption Info: longtable package is loaded.

(/usr/share/texlive/texmf-dist/tex/latex/caption/ltcaption.sty
Package: ltcaption 2011/09/12 v1.3 longtable captions (AR)
)
Package caption Info: wrapfig package is loaded.
Package caption Info: End \AtBeginDocument code.
\c@minilofdepth=\count300
\c@minilotdepth=\count301
\c@partlofdepth=\count302
\c@partlotdepth=\count303
\c@sectlofdepth=\count304
\c@sectlotdepth=\count305
Package minitoc(hints) Info: I0049
(minitoc(hints))             ==> You requested the hints option. 
(minitoc(hints))             Some hints are eventually given below.


Package minitoc(hints) Warning: W0099
(minitoc(hints))                --- The titlesec package is loaded. 
(minitoc(hints))                It is incompatible 
(minitoc(hints))                with the minitoc package.


Package minitoc(hints) Warning: W0030
(minitoc(hints))                --- The \part command is altered 
(minitoc(hints))                after minitoc.


Package minitoc(hints) Warning: W0023
(minitoc(hints))                --- It may be the consequence 
(minitoc(hints))                of loading the ``hyperref'' package.


Package minitoc(hints) Warning: W0028
(minitoc(hints))                --- The \chapter command is altered 
(minitoc(hints))                after minitoc.


Package minitoc(hints) Warning: W0023
(minitoc(hints))                --- It may be the consequence 
(minitoc(hints))                of loading the ``hyperref'' package.

\AtBeginShipoutBox=\box72
Package hyperref Info: Link coloring OFF on input line 98.
(/usr/share/texlive/texmf-dist/tex/latex/hyperref/nameref.sty
Package: nameref 2010/04/30 v2.40 Cross-referencing by name of section

(/usr/share/texlive/texmf-dist/tex/generic/oberdiek/gettitlestring.sty
Package: gettitlestring 2010/12/03 v1.4 Cleanup title references (HO)
)
\c@section@level=\count306
)
LaTeX Info: Redefining \ref on input line 98.
LaTeX Info: Redefining \pageref on input line 98.
LaTeX Info: Redefining \nameref on input line 98.

(./tindaicuong.out) (./tindaicuong.out)
\@outlinefile=\write4
\openout4 = `tindaicuong.out'.

 [1


]
Package minitoc Info: I0024
(minitoc)             PREPARING MINITOCS FROM tindaicuong.toc on input line 101
.
Package minitoc Info: I0033
(minitoc)             Writing tindaicuong.mtc1.
\openout3 = `tindaicuong.mtc1'.

Package minitoc Info: I0033
(minitoc)             Writing tindaicuong.mtc2.
\openout3 = `tindaicuong.mtc2'.

Package minitoc Info: I0033
(minitoc)             Writing tindaicuong.mtc3.
\openout3 = `tindaicuong.mtc3'.

Package minitoc Info: I0033
(minitoc)             Writing tindaicuong.mtc4.
\openout3 = `tindaicuong.mtc4'.

Package minitoc Info: I0033
(minitoc)             Writing tindaicuong.mtc5.
\openout3 = `tindaicuong.mtc5'.

Package minitoc Info: I0033
(minitoc)             Writing tindaicuong.mtc6.
\openout3 = `tindaicuong.mtc6'.

Package minitoc Info: I0033
(minitoc)             Writing tindaicuong.mtc7.
\openout3 = `tindaicuong.mtc7'.

 [2

] (./tindaicuong.toc [3])
\tf@toc=\write5
\openout5 = `tindaicuong.toc'.


(./ch0/chuong0.tex [4]
Chương 1.
\openout3 = `tindaicuong.mtc'.

\openout3 = `tindaicuong.mtc'.

(./tindaicuong.mtc1) (./ch0/role.tex

LaTeX Warning: Reference `' on page 5 undefined on input line 6.

[5

] [6]) (./ch0/origins.tex
File: ch0/fig03.pdf Graphic file (type QTm)
 <use  "ch0/fig03.pdf" > [7] [8]
Underfull \vbox (badness 6125) has occurred while \output is active []

 [9]
File: ch0/fig04.pdf Graphic file (type QTm)

<use  "ch0/fig04.pdf" > [10]) (./ch0/algorithms.tex [11]
File: ch0/fig05.pdf Graphic file (type QTm)

<use  "ch0/fig05.pdf" > [12]) (./ch0/abstraction.tex [13])) (./ch2/chuong2.tex
[14]
Chương 2.
\openout3 = `tindaicuong.mtc'.

\openout3 = `tindaicuong.mtc'.

(./tindaicuong.mtc2) (./ch2/bits.tex [15

]
File: ch2/fig2and.pdf Graphic file (type QTm)
 <use  "ch2/fig2and.pdf" >
File: ch2/fig2or.pdf Graphic file (type QTm)

<use  "ch2/fig2or.pdf" >
Overfull \hbox (15.64801pt too wide) in paragraph at lines 94--112
 [][][][] 
 []

File: ch2/fig2xor.pdf Graphic file (type QTm)
<use  "ch2/fig2xor.pdf" >
File: ch2/fig2not.pdf Graphic file (type QTm)
 <use  "ch2/fig2not.pdf" >
Overfull \hbox (15.64801pt too wide) in paragraph at lines 131--147
 [][][][] 
 []


Underfull \vbox (badness 10000) has occurred while \output is active []

 [16]
File: ch2/fig-fflp.pdf Graphic file (type QTm)

<use  "ch2/fig-fflp.pdf" > [17]
File: ch2/figffl1.pdf Graphic file (type QTm)
 <use  "ch2/figffl1.pdf" >
File: ch2/figffl2.pdf Graphic file (type QTm)

<use  "ch2/figffl2.pdf" >
File: ch2/figffl3.pdf Graphic file (type QTm)
 <use  "ch2/figffl3.pdf" > [18]
File: ch2/bt1.pdf Graphic file (type QTm)
 <use  "ch2/bt1.pdf" >
Underfull \vbox (badness 10000) has occurred while \output is active []

 [19]
File: ch2/fig15.pdf Graphic file (type QTm)

<use  "ch2/fig15.pdf" >
File: ch2/bt4.pdf Graphic file (type QTm)
 <use  "ch2/bt4.pdf" >
Underfull \vbox (badness 5008) has occurred while \output is active []

 [20]
File: ch2/bt5a.pdf Graphic file (type QTm)

<use  "ch2/bt5a.pdf" >
File: ch2/bt5b.pdf Graphic file (type QTm)
 <use  "ch2/bt5b.pdf" >) (./ch2/mainMemory.tex [21]
File: ch2/Fig1-8.pdf Graphic file (type QTm)

<use  "ch2/Fig1-8.pdf" > [22] [23] [24]
Overfull \vbox (0.576pt too high) has occurred while \output is active []

 [25]
File: ch2/Fig1-9.pdf Graphic file (type QTm)

<use  "ch2/Fig1-9.pdf" >
Underfull \vbox (badness 1810) has occurred while \output is active []

 [26]
Underfull \vbox (badness 6047) has occurred while \output is active []


Overfull \vbox (0.576pt too high) has occurred while \output is active []

 [27]
File: ch2/Fig1-10.pdf Graphic file (type QTm)

<use  "ch2/Fig1-10.pdf" > [28]
File: ch2/Fig1-11.pdf Graphic file (type QTm)
 <use  "ch2/Fig1-11.pdf" >
Underfull \vbox (badness 1931) has occurred while \output is active []


Overfull \vbox (0.576pt too high) has occurred while \output is active []

 [29]
Underfull \vbox (badness 10000) has occurred while \output is active []

 [30]
File: ch2/Fig1-12.pdf Graphic file (type QTm)

<use  "ch2/Fig1-12.pdf" >
Underfull \vbox (badness 2435) has occurred while \output is active []


Overfull \vbox (0.576pt too high) has occurred while \output is active []

 [31]
[32]) (./ch2/reprentationInfo.tex
Overfull \vbox (0.936pt too high) has occurred while \output is active []

 [33]

LaTeX Warning: Reference `' on page 34 undefined on input line 28.

LaTeX Font Info:    Try loading font information for EU1+lmtt on input line 37.

(/usr/share/texlive/texmf-dist/tex/latex/euenc/eu1lmtt.fd
File: eu1lmtt.fd 2009/10/30 v1.6 Font defs for Latin Modern
)
Underfull \vbox (badness 7667) has occurred while \output is active []

 [34]

LaTeX Warning: Reference `' on page 35 undefined on input line 78.


LaTeX Warning: Reference `' on page 35 undefined on input line 87.


LaTeX Warning: Reference `' on page 35 undefined on input line 89.


Overfull \vbox (0.936pt too high) has occurred while \output is active []

 [35]
[36]
File: ch2/Fig114.pdf Graphic file (type QTm)
 <use  "ch2/Fig114.pdf" >
Overfull \vbox (0.936pt too high) has occurred while \output is active []

 [37]

LaTeX Warning: Reference `' on page 38 undefined on input line 190.

[38]
Overfull \vbox (0.936pt too high) has occurred while \output is active []

 [39])
(./ch2/problems2.tex
File: ch2/ex21a.pdf Graphic file (type QTm)
 <use  "ch2/ex21a.pdf" >
File: ch2/ex21b.pdf Graphic file (type QTm)
 <use  "ch2/ex21b.pdf" >
File: ch2/ex21c.pdf Graphic file (type QTm)

<use  "ch2/ex21c.pdf" >
File: ch2/ex22a.pdf Graphic file (type QTm)
 <use  "ch2/ex22a.pdf" >
File: ch2/ex22b.pdf Graphic file (type QTm)
 <use  "ch2/ex22b.pdf" >
File: ch2/ex22c.pdf Graphic file (type QTm)

<use  "ch2/ex22c.pdf" >
File: ch2/ex23a.pdf Graphic file (type QTm)
 <use  "ch2/ex23a.pdf" >
File: ch2/ex23b.pdf Graphic file (type QTm)
 <use  "ch2/ex23b.pdf" >
File: ch2/ex23c.pdf Graphic file (type QTm)

<use  "ch2/ex23c.pdf" >
File: ch2/ex24.pdf Graphic file (type QTm)
 <use  "ch2/ex24.pdf" > [40]
Overfull \vbox (0.576pt too high) has occurred while \output is active []

 [41]
[42])) (./ch3/chuong3.tex
Overfull \vbox (0.576pt too high) has occurred while \output is active []

 [43]
[44

]
Chương 3.
\openout3 = `tindaicuong.mtc'.

\openout3 = `tindaicuong.mtc'.

(./tindaicuong.mtc3) [45]
File: ch3/fig21.pdf Graphic file (type QTm)
 <use  "ch3/fig21.pdf" >
Underfull \vbox (badness 5245) has occurred while \output is active []

 [46]
Overfull \vbox (0.576pt too high) has occurred while \output is active []

 [47]
Underfull \vbox (badness 1577) has occurred while \output is active []

 [48]
[49] [50] [51]
File: ch3/fig24.pdf Graphic file (type QTm)
 <use  "ch3/fig24.pdf" > (./ch3/fig25) [52] (./ch3/fig26)
[53] [54] [55] (./ch3/fig28

LaTeX Warning: \oval, \circle, or \line size unavailable on input line 10.


LaTeX Warning: \oval, \circle, or \line size unavailable on input line 11.

) [56] (./ch3/fig29)
Underfull \vbox (badness 2020) has occurred while \output is active []

 [57]
File: ch3/fig210.pdf Graphic file (type QTm)

<use  "ch3/fig210.pdf" >
File: ch3/fig211a.pdf Graphic file (type QTm)
 <use  "ch3/fig211a.pdf" >
File: ch3/fig211b.pdf Graphic file (type QTm)
 <use  "ch3/fig211b.pdf" >
[58] [59] [60] [61]
Underfull \vbox (badness 10000) has occurred while \output is active []

 [62]
Underfull \vbox (badness 10000) has occurred while \output is active []

 [63]
Underfull \vbox (badness 10000) has occurred while \output is active []

 [64]

LaTeX Warning: Reference `chap:1' on page 65 undefined on input line 639.


Overfull \vbox (0.576pt too high) has occurred while \output is active []

 [65]
[66]
Overfull \vbox (0.576pt too high) has occurred while \output is active []

 [67]
File: ch3/fig212.pdf Graphic file (type QTm)

<use  "ch3/fig212.pdf" > [68]
Underfull \vbox (badness 10000) has occurred while \output is active []


Overfull \vbox (0.576pt too high) has occurred while \output is active []

 [69]
[70]

LaTeX Warning: Reference `chap:1' on page 71 undefined on input line 906.


Overfull \vbox (0.576pt too high) has occurred while \output is active []

 [71]
File: ch3/fig213.pdf Graphic file (type QTm)

<use  "ch3/fig213.pdf" > [72]
File: ch3/fig214.pdf Graphic file (type QTm)
 <use  "ch3/fig214.pdf" >
Overfull \vbox (0.576pt too high) has occurred while \output is active []

 [73]
[74]

LaTeX Warning: Reference `' on page 75 undefined on input line 1043.


Overfull \vbox (0.576pt too high) has occurred while \output is active []

 [75]
[76]
Overfull \vbox (0.576pt too high) has occurred while \output is active []

 [77]
[78]
Overfull \vbox (0.576pt too high) has occurred while \output is active []

 [79]
[80]
Overfull \vbox (0.576pt too high) has occurred while \output is active []

 [81]
[82]
Overfull \vbox (0.576pt too high) has occurred while \output is active []

 [83]
[84]
Overfull \vbox (0.576pt too high) has occurred while \output is active []

 [85]
Overfull \hbox (6.67516pt too wide) in paragraph at lines 1622--1622
[]|$[]$| 
 []


Overfull \hbox (6.67516pt too wide) in paragraph at lines 1630--1630
[]|$[]$| 
 []

[86]
Overfull \hbox (6.67516pt too wide) in paragraph at lines 1638--1638
[]|$[]$| 
 []


Overfull \hbox (6.67516pt too wide) in paragraph at lines 1646--1646
[]|$[]$| 
 []


Overfull \hbox (6.36316pt too wide) in paragraph at lines 1687--1687
[]|$[]$| 
 []


Overfull \hbox (6.36316pt too wide) in paragraph at lines 1695--1695
[]|$[]$| 
 []


Overfull \hbox (6.36316pt too wide) in paragraph at lines 1703--1703
[]|$[]$| 
 []


Overfull \hbox (6.36316pt too wide) in paragraph at lines 1711--1711
[]|$[]$| 
 []


Overfull \vbox (0.576pt too high) has occurred while \output is active []

 [87]
[88]) (./ch4/chuong4.tex
Overfull \vbox (0.576pt too high) has occurred while \output is active []

 [89]
[90

]
Chương 4.
\openout3 = `tindaicuong.mtc'.

\openout3 = `tindaicuong.mtc'.

(./tindaicuong.mtc4
Overfull \hbox (1.91623pt too wide) detected at line 3
 []\EU1/lmr/bx/n/10.95 105
 []


Overfull \hbox (1.91623pt too wide) detected at line 4
 []\EU1/lmr/bx/n/10.95 109
 []


Overfull \hbox (1.91623pt too wide) detected at line 5
 []\EU1/lmr/bx/n/10.95 113
 []

) [91] (./ch4/history.tex
Overfull \vbox (0.576pt too high) has occurred while \output is active []

 [92]
File: ch4/fig31.pdf Graphic file (type QTm)

<use  "ch4/fig31.pdf" >
Overfull \vbox (0.576pt too high) has occurred while \output is active []

 [93]
File: ch4/fig32.pdf Graphic file (type QTm)

<use  "ch4/fig32.pdf" >
Overfull \vbox (0.576pt too high) has occurred while \output is active []

 [94]
Overfull \vbox (0.576pt too high) has occurred while \output is active []

 [95]

LaTeX Warning: Reference `' on page 96 undefined on input line 133.


Underfull \vbox (badness 1810) has occurred while \output is active []


Overfull \vbox (0.576pt too high) has occurred while \output is active []

 [96])
(./ch4/kientrucHDH.tex
Overfull \vbox (0.576pt too high) has occurred while \output is active []

 [97]
File: ch4/fig33.pdf Graphic file (type QTm)

<use  "ch4/fig33.pdf" >
Underfull \vbox (badness 3333) has occurred while \output is active []


Overfull \vbox (0.576pt too high) has occurred while \output is active []

 [98]
Overfull \vbox (0.576pt too high) has occurred while \output is active []

 [99]
File: ch4/fig34.pdf Graphic file (type QTm)

<use  "ch4/fig34.pdf" >
Overfull \vbox (0.576pt too high) has occurred while \output is active []

 [100]
Underfull \vbox (badness 1810) has occurred while \output is active []


Overfull \vbox (0.576pt too high) has occurred while \output is active []

 [101]
Underfull \vbox (badness 1810) has occurred while \output is active []


Overfull \vbox (0.576pt too high) has occurred while \output is active []

 [102]
Overfull \vbox (0.576pt too high) has occurred while \output is active []

 [103]
File: ch4/fig35.pdf Graphic file (type QTm)

<use  "ch4/fig35.pdf" >
Overfull \vbox (0.576pt too high) has occurred while \output is active []

 [104]
Overfull \vbox (0.576pt too high) has occurred while \output is active []

 [105]
Overfull \vbox (0.576pt too high) has occurred while \output is active []

 [106]
File: ch4/fig36.pdf Graphic file (type QTm)

<use  "ch4/fig36.pdf" >
Underfull \vbox (badness 6157) has occurred while \output is active []


Overfull \vbox (0.576pt too high) has occurred while \output is active []

 [107]
Underfull \vbox (badness 10000) has occurred while \output is active []


Overfull \vbox (0.576pt too high) has occurred while \output is active []

 [108])
(./ch4/security.tex

LaTeX Warning: Reference `' on page 109 undefined on input line 13.

[109]
Underfull \vbox (badness 2435) has occurred while \output is active []


Overfull \vbox (0.576pt too high) has occurred while \output is active []

 [110]
[111]
Overfull \vbox (0.576pt too high) has occurred while \output is active []

 [112])
(./ch4/problems.tex
Overfull \vbox (0.576pt too high) has occurred while \output is active []

 [113]
Overfull \vbox (0.576pt too high) has occurred while \output is active []

 [114]
Overfull \vbox (0.576pt too high) has occurred while \output is active []

 [115]))
(./ch5/chuong5.tex
Overfull \vbox (0.576pt too high) has occurred while \output is active []

 [116]
Chương 5.
\openout3 = `tindaicuong.mtc'.

\openout3 = `tindaicuong.mtc'.

(./tindaicuong.mtc5
Overfull \hbox (1.91623pt too wide) detected at line 1
 []\EU1/lmr/bx/n/10.95 117
 []


Overfull \hbox (1.91623pt too wide) detected at line 2
 []\EU1/lmr/bx/n/10.95 130
 []


Overfull \hbox (1.91623pt too wide) detected at line 6
 []\EU1/lmr/bx/n/10.95 140
 []


Overfull \hbox (1.91623pt too wide) detected at line 7
 []\EU1/lmr/bx/n/10.95 155
 []


Overfull \hbox (1.91623pt too wide) detected at line 8
 []\EU1/lmr/bx/n/10.95 164
 []


Overfull \hbox (1.91623pt too wide) detected at line 9
 []\EU1/lmr/bx/n/10.95 177
 []

) (./ch5/fundamentals.tex [117

]
File: ch5/fig41.pdf Graphic file (type QTm)
 <use  "ch5/fig41.pdf" >
Underfull \vbox (badness 2435) has occurred while \output is active []

 [118]
Overfull \vbox (0.576pt too high) has occurred while \output is active []

 [119]
File: ch5/fig42.pdf Graphic file (type QTm)

<use  "ch5/fig42.pdf" > [120]
Underfull \vbox (badness 10000) has occurred while \output is active []


Overfull \vbox (0.576pt too high) has occurred while \output is active []

 [121]
File: ch5/fig43.pdf Graphic file (type QTm)

<use  "ch5/fig43.pdf" >
Underfull \vbox (badness 10000) has occurred while \output is active []

 [122]
File: ch5/fig44.pdf Graphic file (type QTm)

<use  "ch5/fig44.pdf" >
Overfull \vbox (0.576pt too high) has occurred while \output is active []

 [123]
File: ch5/fig45.pdf Graphic file (type QTm)

<use  "ch5/fig45.pdf" >
Underfull \vbox (badness 1810) has occurred while \output is active []

 [124]
Overfull \vbox (0.576pt too high) has occurred while \output is active []

 [125]
[126]
File: ch5/fig46.pdf Graphic file (type QTm)
 <use  "ch5/fig46.pdf" >
Underfull \vbox (badness 1810) has occurred while \output is active []


Overfull \vbox (0.576pt too high) has occurred while \output is active []

 [127]
[128]
Overfull \vbox (0.576pt too high) has occurred while \output is active []

 [129])
(./ch5/internet.tex [130]
Underfull \vbox (badness 1320) has occurred while \output is active []

 [131]
File: ch5/fig47.pdf Graphic file (type QTm)

<use  "ch5/fig47.pdf" > [132]
Underfull \vbox (badness 4726) has occurred while \output is active []

 [133]
Underfull \vbox (badness 1810) has occurred while \output is active []

 [134]
[135] [136]
Underfull \vbox (badness 10000) has occurred while \output is active []

 [137]
Underfull \vbox (badness 1810) has occurred while \output is active []

 [138]
[139]) (./ch5/www.tex [140] [141]
File: ch5/fig48.pdf Graphic file (type QTm)
 <use  "ch5/fig48.pdf" >
Underfull \vbox (badness 1810) has occurred while \output is active []

 [142]
[143] [144]
File: ch5/fig49.pdf Graphic file (type QTm)
 <use  "ch5/fig49.pdf" >
Underfull \vbox (badness 10000) has occurred while \output is active []

 [145]
File: ch5/fig410.pdf Graphic file (type QTm)

<use  "ch5/fig410.pdf" > [146] [147] [148]
File: ch5/fig411.pdf Graphic file (type QTm)
 <use  "ch5/fig411.pdf" > [149]
Underfull \vbox (badness 6125) has occurred while \output is active []

 [150]
[151]
Underfull \vbox (badness 1810) has occurred while \output is active []

 [152]
Underfull \vbox (badness 6125) has occurred while \output is active []

 [153])
(./ch5/protocol.tex [154]
File: ch5/fig412.pdf Graphic file (type QTm)
 <use  "ch5/fig412.pdf" >
File: ch5/fig413.pdf Graphic file (type QTm)
 <use  "ch5/fig413.pdf" >
Overfull \vbox (0.576pt too high) has occurred while \output is active []

 [155]

LaTeX Warning: Reference `sec:3.2' on page 156 undefined on input line 67.

File: ch5/fig414.pdf Graphic file (type QTm)
<use  "ch5/fig414.pdf" >
Overfull \hbox (18.56827pt too wide) in paragraph at lines 73--74
 [][] 
 []

[156]
Underfull \vbox (badness 2351) has occurred while \output is active []


Overfull \vbox (0.576pt too high) has occurred while \output is active []

 [157]
[158]
Overfull \vbox (0.576pt too high) has occurred while \output is active []

 [159]

LaTeX Warning: Reference `chap:2' on page 160 undefined on input line 154.


Underfull \vbox (badness 1810) has occurred while \output is active []

 [160]
Overfull \vbox (0.576pt too high) has occurred while \output is active []

 [161]
File: ch5/fig415.pdf Graphic file (type QTm)

<use  "ch5/fig415.pdf" > [162]
Underfull \vbox (badness 1810) has occurred while \output is active []


Overfull \vbox (0.576pt too high) has occurred while \output is active []

 [163])
(./ch5/security.tex [164]
Underfull \vbox (badness 1810) has occurred while \output is active []

 [165]
Underfull \vbox (badness 1810) has occurred while \output is active []

 [166]
[167]
Underfull \vbox (badness 6125) has occurred while \output is active []

 [168]

LaTeX Warning: Reference `sec:3.5' on page 169 undefined on input line 167.


Underfull \vbox (badness 6125) has occurred while \output is active []

 [169]
[170]
File: ch5/fig416.pdf Graphic file (type QTm)
 <use  "ch5/fig416.pdf" >
Underfull \vbox (badness 1810) has occurred while \output is active []

 [171]
[172]
Underfull \vbox (badness 6125) has occurred while \output is active []

 [173]
[174] [175]) (./ch5/probs.tex [176]
Underfull \hbox (badness 7326) in paragraph at lines 27--28
[]\EU1/lmr/m/n/12 Chỉ ra sự khác biệt khi so
 []


Overfull \vbox (0.576pt too high) has occurred while \output is active []

 [177]
Underfull \hbox (badness 10000) in paragraph at lines 80--81
[]\EU1/lmr/m/n/12 Vai trò của Network Virtual
 []


Underfull \hbox (badness 5008) in paragraph at lines 99--101
[]\EU1/lmr/m/n/12 Sửa tài liệu HTML duới đây
 []

[178]
Underfull \hbox (badness 10000) in paragraph at lines 127--129
[]$[][][][] [] [] [] [][][][][][][][][] [] [][][] [] [][][][][][][] []
 []


Underfull \hbox (badness 10000) in paragraph at lines 133--134
[][]$[][][][] [] [] [] [][][] [] [][][][][][][][][] [] [][][] []
 []


Underfull \hbox (badness 10000) in paragraph at lines 140--145
[]$[][][][][][] [] [] [] [][][][][][][][][] [] [][][][][][][][] []
 []


LaTeX Warning: Reference `sec:3.4' on page 179 undefined on input line 155.


Overfull \vbox (0.576pt too high) has occurred while \output is active []

 [179]

LaTeX Warning: Reference `sec:3.4' on page 180 undefined on input line 164.

[180])) (./ch7/chuong7.tex
Overfull \vbox (0.576pt too high) has occurred while \output is active []

 [181]
[182

]
Chương 6.
\openout3 = `tindaicuong.mtc'.

\openout3 = `tindaicuong.mtc'.

(./tindaicuong.mtc6
Overfull \hbox (1.91623pt too wide) detected at line 1
 []\EU1/lmr/bx/n/10.95 184
 []


Overfull \hbox (1.91623pt too wide) detected at line 2
 []\EU1/lmr/bx/n/10.95 186
 []


Overfull \hbox (1.91623pt too wide) detected at line 3
 []\EU1/lmr/bx/n/10.95 191
 []


Overfull \hbox (1.91623pt too wide) detected at line 4
 []\EU1/lmr/bx/n/10.95 199
 []


Overfull \hbox (1.91623pt too wide) detected at line 5
 []\EU1/lmr/bx/n/10.95 208
 []


Overfull \hbox (1.91623pt too wide) detected at line 6
 []\EU1/lmr/bx/n/10.95 216
 []

) (./ch7/functions.tex
Underfull \vbox (badness 6526) has occurred while \output is active []

 [183]

Package caption Warning: \label without proper \caption on input line 31.
See the caption package documentation for explanation.


LaTeX Warning: Reference `fig:fig111' on page 184 undefined on input line 26.


Underfull \vbox (badness 7685) has occurred while \output is active []


Overfull \vbox (0.576pt too high) has occurred while \output is active []

 [184]
Underfull \vbox (badness 3471) has occurred while \output is active []

 [185])
(./ch7/Turing.tex
File: ch7/fig112.pdf Graphic file (type QTm)
 <use  "ch7/fig112.pdf" >
Overfull \vbox (0.576pt too high) has occurred while \output is active []

 [186]
File: ch7/turing1.pdf Graphic file (type QTm)

<use  "ch7/turing1.pdf" > [187]

Package caption Warning: \label without proper \caption on input line 97.
See the caption package documentation for explanation.


LaTeX Warning: Reference `fig:fig113' on page 188 undefined on input line 53.

File: ch7/turing2.pdf Graphic file (type QTm)
<use  "ch7/turing2.pdf" >
File: ch7/turing3.pdf Graphic file (type QTm)
 <use  "ch7/turing3.pdf" >
File: ch7/turing4.pdf Graphic file (type QTm)
 <use  "ch7/turing4.pdf" >
Underfull \vbox (badness 1558) has occurred while \output is active []


Overfull \vbox (0.576pt too high) has occurred while \output is active []

 [188]
File: ch7/turing5.pdf Graphic file (type QTm)

<use  "ch7/turing5.pdf" >
File: ch7/turing6.pdf Graphic file (type QTm)
 <use  "ch7/turing6.pdf" > [189]

Package caption Warning: \label without proper \caption on input line 97.
See the caption package documentation for explanation.


LaTeX Warning: Reference `fig:fig113' on page 190 undefined on input line 143.

File: ch7/turing7.pdf Graphic file (type QTm)
<use  "ch7/turing7.pdf" >
Overfull \vbox (0.576pt too high) has occurred while \output is active []

 [190])
(./ch7/universal.tex

LaTeX Warning: Reference `ch6' on page 191 undefined on input line 2.


Overfull \vbox (0.936pt too high) has occurred while \output is active []

 [191]
Overfull \vbox (0.576pt too high) has occurred while \output is active []

 [192]
Overfull \vbox (0.936pt too high) has occurred while \output is active []

 [193]
Overfull \vbox (0.576pt too high) has occurred while \output is active []

 [194]
Overfull \vbox (0.936pt too high) has occurred while \output is active []

 [195]
Overfull \vbox (0.576pt too high) has occurred while \output is active []

 [196]
Overfull \vbox (0.936pt too high) has occurred while \output is active []

 [197]

LaTeX Warning: Reference `' on page 198 undefined on input line 267.


LaTeX Warning: Reference `' on page 198 undefined on input line 273.


LaTeX Warning: Reference `' on page 198 undefined on input line 275.


Overfull \vbox (0.576pt too high) has occurred while \output is active []

 [198])
(./ch7/noncomputable.tex [199]
Overfull \vbox (0.576pt too high) has occurred while \output is active []

 [200]
File: ch7/fig116.pdf Graphic file (type QTm)

<use  "ch7/fig116.pdf" > [201]
Underfull \vbox (badness 10000) has occurred while \output is active []


Overfull \vbox (0.576pt too high) has occurred while \output is active []

 [202]
[203]

LaTeX Warning: Reference `' on page 204 undefined on input line 176.


Overfull \vbox (0.576pt too high) has occurred while \output is active []

 [204]
[205]
File: ch7/fig117.pdf Graphic file (type QTm)
 <use  "ch7/fig117.pdf" >
Overfull \hbox (5.42365pt too wide) in paragraph at lines 227--228
 [][] 
 []


Overfull \vbox (0.576pt too high) has occurred while \output is active []

 [206]
[207]) (./ch7/complexity.tex

LaTeX Warning: Reference `' on page 208 undefined on input line 10.


Overfull \vbox (0.576pt too high) has occurred while \output is active []

 [208]

LaTeX Warning: Reference `' on page 209 undefined on input line 56.


Underfull \vbox (badness 1810) has occurred while \output is active []

 [209]
File: ch7/fig1111.pdf Graphic file (type QTm)

<use  "ch7/fig1111.pdf" >
File: ch7/fig1111b.pdf Graphic file (type QTm)
 <use  "ch7/fig1111b.pdf" >
Overfull \vbox (0.576pt too high) has occurred while \output is active []

 [210]
[211]
Overfull \vbox (0.576pt too high) has occurred while \output is active []

 [212]
[213]
File: ch7/fig1112.pdf Graphic file (type QTm)
 <use  "ch7/fig1112.pdf" >
Overfull \vbox (0.576pt too high) has occurred while \output is active []

 [214])
(./ch7/problems.tex [215]
Underfull \hbox (badness 10000) in paragraph at lines 15--16
\EU1/lmr/m/n/12 có thể được mô phỏng với
 []


Underfull \hbox (badness 10000) in paragraph at lines 34--37
[]\EU1/lmr/m/n/12 Viết một đoạn chương trình
 []


Overfull \vbox (0.576pt too high) has occurred while \output is active []

 [216]
Overfull \vbox (0.576pt too high) has occurred while \output is active []

 [217]
Overfull \vbox (0.576pt too high) has occurred while \output is active []

 [218]
Overfull \vbox (0.576pt too high) has occurred while \output is active []

 [219]
Overfull \hbox (17.73964pt too wide) in paragraph at lines 246--247
[]\EU1/lmr/bx/sl/12 procedure \EU1/lmr/m/sl/12 mystery (ListOfNumbers) 
 []


Underfull \hbox (badness 5893) in paragraph at lines 248--249
[]\EU1/lmr/m/sl/12 Chọn một tập các số trong
 []


Overfull \vbox (0.576pt too high) has occurred while \output is active []

 [220]
Overfull \vbox (0.576pt too high) has occurred while \output is active []

 [221]))
(./apdix/app1.tex
Overfull \vbox (0.576pt too high) has occurred while \output is active []

 [222

]
Phụ lục A.

LaTeX Warning: Reference `' on page 223 undefined on input line 22.


LaTeX Warning: Reference `' on page 223 undefined on input line 22.

[223] [224] [225])
Package minitoc Info: I0009
(minitoc)             Listing minitoc auxiliary files. 
(minitoc)             Creating the tindaicuong.maf file.
\openout3 = `tindaicuong.maf'.



Package minitoc(hints) Warning: W0024
(minitoc(hints))                Some hints have been written 
(minitoc(hints))                in the tindaicuong.log file.

Package atveryend Info: Empty hook `BeforeClearDocument' on input line 120.
[226]
Package atveryend Info: Empty hook `AfterLastShipout' on input line 120.
 (./tindaicuong.aux)
Package atveryend Info: Empty hook `AtVeryEndDocument' on input line 120.
Package atveryend Info: Empty hook `AtEndAfterFileList' on input line 120.


LaTeX Warning: There were undefined references.

 ) 
Here is how much of TeX's memory you used:
 23326 strings out of 494003
 436903 string characters out of 3152810
 509291 words of memory out of 3000000
 25908 multiletter control sequences out of 15000+200000
 11151 words of font info for 69 fonts, out of 3000000 for 9000
 1144 hyphenation exceptions out of 8191
 61i,17n,96p,809b,621s stack positions out of 5000i,500n,10000p,200000b,50000s

Output written on tindaicuong.pdf (226 pages).
